::1 - - [22/Mar/2021:02:59:57 +0000] "GET /api/v1/categories HTTP/1.1" 200 1420 "-" "PostmanRuntime/7.26.10"
::1 - - [22/Mar/2021:03:12:10 +0000] "GET /api/v1/books HTTP/1.1" 200 31652 "-" "PostmanRuntime/7.26.10"
::1 - - [22/Mar/2021:03:12:31 +0000] "GET /api/v1/books/6057f9ecb10ca30b28544aaf HTTP/1.1" 200 1776 "-" "PostmanRuntime/7.26.10"
::1 - - [22/Mar/2021:03:13:54 +0000] "PUT /api/v1/books/6057f9ecb10ca30b28544aaf/photo HTTP/1.1" 500 80 "-" "PostmanRuntime/7.26.10"
::1 - - [22/Mar/2021:03:15:48 +0000] "PUT /api/v1/books/6057f9ecb10ca30b28544aaf/photo HTTP/1.1" 500 80 "-" "PostmanRuntime/7.26.10"
::1 - - [22/Mar/2021:03:17:17 +0000] "PUT /api/v1/books/6057f9ecb10ca30b28544aaf/photo HTTP/1.1" 500 80 "-" "PostmanRuntime/7.26.10"
::1 - - [22/Mar/2021:03:17:55 +0000] "PUT /api/v1/books/6057f9ecb10ca30b28544aaf/photo HTTP/1.1" 500 80 "-" "PostmanRuntime/7.26.10"
::1 - - [22/Mar/2021:03:18:20 +0000] "PUT /api/v1/books/6057f9ecb10ca30b28544aaf/photo HTTP/1.1" 500 80 "-" "PostmanRuntime/7.26.10"
::1 - - [22/Mar/2021:03:22:10 +0000] "PUT /api/v1/books/6057f9ecb10ca30b28544aaf/photo HTTP/1.1" - - "-" "PostmanRuntime/7.26.10"
::1 - - [22/Mar/2021:03:22:32 +0000] "PUT /api/v1/books/6057f9ecb10ca30b28544aaf/photo HTTP/1.1" - - "-" "PostmanRuntime/7.26.10"
::1 - - [22/Mar/2021:03:38:38 +0000] "PUT /api/v1/books/6057f9ecb10ca30b28544aaf/photo HTTP/1.1" 200 - "-" "PostmanRuntime/7.26.10"
::1 - - [22/Mar/2021:03:42:03 +0000] "PUT /api/v1/books/6057f9ecb10ca30b28544aaf/photo HTTP/1.1" 200 60 "-" "PostmanRuntime/7.26.10"
::1 - - [22/Mar/2021:03:42:58 +0000] "PUT /api/v1/books/6057f9ecb10ca30b28544aaf/photo HTTP/1.1" 200 60 "-" "PostmanRuntime/7.26.10"
::1 - - [22/Mar/2021:03:44:55 +0000] "GET /api/v1/books/6038e7378cff35a998bf26ab HTTP/1.1" 404 125 "-" "PostmanRuntime/7.26.10"
::1 - - [22/Mar/2021:03:45:05 +0000] "GET /api/v1/books/6057f9ecb10ca30b28544aaf HTTP/1.1" 200 1792 "-" "PostmanRuntime/7.26.10"
::1 - - [22/Mar/2021:07:16:54 +0000] "GET /api/v1/categories?select=name%20averagePrice%20averageRating&sort=averageRating%20-averagePrice&limit=3&page=2 HTTP/1.1" 200 457 "-" "PostmanRuntime/7.26.10"
::1 - - [22/Mar/2021:07:18:01 +0000] "GET /api/v1/categories?select=name%20averagePrice%20averageRating&sort=averageRating%20-averagePrice&limit=3&page=2 HTTP/1.1" 200 234 "-" "PostmanRuntime/7.26.10"
::1 - - [22/Mar/2021:07:26:26 +0000] "GET /api/v1/books HTTP/1.1" 200 10149 "-" "PostmanRuntime/7.26.10"
::1 - - [22/Mar/2021:07:29:31 +0000] "GET /api/v1/books?select=name%20price HTTP/1.1" 200 1651 "-" "PostmanRuntime/7.26.10"
::1 - - [22/Mar/2021:07:29:49 +0000] "GET /api/v1/books?select=name HTTP/1.1" 200 1581 "-" "PostmanRuntime/7.26.10"
::1 - - [22/Mar/2021:07:30:35 +0000] "GET /api/v1/books?select=name%20proce&sort=price HTTP/1.1" 200 1744 "-" "PostmanRuntime/7.26.10"
::1 - - [22/Mar/2021:07:30:57 +0000] "GET /api/v1/books?select=name%20proce&sort=-price HTTP/1.1" 200 1545 "-" "PostmanRuntime/7.26.10"
::1 - - [22/Mar/2021:07:31:10 +0000] "GET /api/v1/books?select=name%20price&sort=-price HTTP/1.1" 200 1616 "-" "PostmanRuntime/7.26.10"
::1 - - [22/Mar/2021:07:31:21 +0000] "GET /api/v1/books?select=name%20price&sort=price HTTP/1.1" 200 1809 "-" "PostmanRuntime/7.26.10"
::1 - - [22/Mar/2021:07:33:18 +0000] "GET /api/v1/books?select=name%20price&sort=price7price[&lt]=5000 HTTP/1.1" 200 117 "-" "PostmanRuntime/7.26.10"
::1 - - [22/Mar/2021:07:33:23 +0000] "GET /api/v1/books?select=name%20price&sort=price7price[&lt]=50000 HTTP/1.1" 200 117 "-" "PostmanRuntime/7.26.10"
::1 - - [22/Mar/2021:07:33:31 +0000] "GET /api/v1/books?select=name%20price&sort=price&price[&lt]=5000 HTTP/1.1" 200 117 "-" "PostmanRuntime/7.26.10"
::1 - - [22/Mar/2021:07:33:33 +0000] "GET /api/v1/books?select=name%20price&sort=price&price[&lt]=5000 HTTP/1.1" 200 117 "-" "PostmanRuntime/7.26.10"
::1 - - [22/Mar/2021:07:33:49 +0000] "GET /api/v1/books?select=name%20price&sort=price&price[$lt]=5000 HTTP/1.1" 200 1169 "-" "PostmanRuntime/7.26.10"
::1 - - [22/Mar/2021:08:02:30 +0000] "POST /api/v1/users HTTP/1.1" 404 152 "-" "PostmanRuntime/7.26.10"
::1 - - [22/Mar/2021:08:06:15 +0000] "POST /api/v1/users/register HTTP/1.1" 200 16 "-" "PostmanRuntime/7.26.10"
::1 - - [22/Mar/2021:08:07:14 +0000] "POST /api/v1/users/register HTTP/1.1" 404 161 "-" "PostmanRuntime/7.26.10"
::1 - - [22/Mar/2021:08:07:16 +0000] "POST /api/v1/users/register HTTP/1.1" 404 161 "-" "PostmanRuntime/7.26.10"
::1 - - [22/Mar/2021:08:07:22 +0000] "POST /api/v1/users HTTP/1.1" 200 16 "-" "PostmanRuntime/7.26.10"
::1 - - [22/Mar/2021:08:09:30 +0000] "POST /api/v1/users HTTP/1.1" 200 88 "-" "PostmanRuntime/7.26.10"
::1 - - [22/Mar/2021:08:09:37 +0000] "POST /api/v1/users HTTP/1.1" 200 88 "-" "PostmanRuntime/7.26.10"
::1 - - [22/Mar/2021:08:16:04 +0000] "POST /api/v1/users HTTP/1.1" 200 88 "-" "PostmanRuntime/7.26.10"
::1 - - [22/Mar/2021:08:16:37 +0000] "POST /api/v1/users HTTP/1.1" 500 260 "-" "PostmanRuntime/7.26.10"
::1 - - [22/Mar/2021:09:49:44 +0000] "POST /api/v1/users HTTP/1.1" 500 76 "-" "PostmanRuntime/7.26.10"
::1 - - [22/Mar/2021:09:50:39 +0000] "POST /api/v1/users HTTP/1.1" 200 416 "-" "PostmanRuntime/7.26.10"
::1 - - [22/Mar/2021:09:51:15 +0000] "POST /api/v1/users/login HTTP/1.1" 200 429 "-" "PostmanRuntime/7.26.10"
