::1 - - [23/Mar/2021:00:05:24 +0000] "GET /api/v1/books HTTP/1.1" 200 10149 "-" "PostmanRuntime/7.26.10"
::1 - - [23/Mar/2021:00:08:20 +0000] "GET /api/v1/categories HTTP/1.1" 200 1419 "-" "PostmanRuntime/7.26.10"
::1 - - [23/Mar/2021:00:08:42 +0000] "PUT /api/v1/books/5e90434cd433fa11b078ed8a HTTP/1.1" 400 122 "-" "PostmanRuntime/7.26.10"
::1 - - [23/Mar/2021:00:09:04 +0000] "GET /api/v1/books HTTP/1.1" 200 10149 "-" "PostmanRuntime/7.26.10"
::1 - - [23/Mar/2021:00:09:23 +0000] "PUT /api/v1/books/6057f9ecb10ca30b28544aaf HTTP/1.1" 200 1720 "-" "PostmanRuntime/7.26.10"
::1 - - [23/Mar/2021:00:32:37 +0000] "PUT /api/v1/books/6057f9ecb10ca30b28544aaf HTTP/1.1" 200 1720 "-" "PostmanRuntime/7.26.10"
::1 - - [23/Mar/2021:00:32:53 +0000] "PUT /api/v1/books/6057f9ecb10ca30b28544aaf HTTP/1.1" 401 170 "-" "PostmanRuntime/7.26.10"
::1 - - [23/Mar/2021:00:35:11 +0000] "PUT /api/v1/books/6057f9ecb10ca30b28544aaf HTTP/1.1" 500 137 "-" "PostmanRuntime/7.26.10"
::1 - - [23/Mar/2021:00:35:23 +0000] "PUT /api/v1/books/6057f9ecb10ca30b28544aaf HTTP/1.1" 200 1721 "-" "PostmanRuntime/7.26.10"
::1 - - [23/Mar/2021:00:37:01 +0000] "DELETE /api/v1/categories/5e9047fd49941f52dcb01b35 HTTP/1.1" 401 170 "-" "PostmanRuntime/7.26.10"
::1 - - [23/Mar/2021:00:40:35 +0000] "POST /api/v1/users/login HTTP/1.1" 200 429 "-" "PostmanRuntime/7.26.10"
::1 - - [23/Mar/2021:00:41:19 +0000] "POST /api/v1/users HTTP/1.1" 200 418 "-" "PostmanRuntime/7.26.10"
::1 - - [23/Mar/2021:00:43:29 +0000] "PUT /api/v1/categories/60252427708da2231cd63cdd HTTP/1.1" 401 170 "-" "PostmanRuntime/7.26.10"
::1 - - [23/Mar/2021:00:43:38 +0000] "PUT /api/v1/categories/60252427708da2231cd63cdd HTTP/1.1" 400 132 "-" "PostmanRuntime/7.26.10"
::1 - - [23/Mar/2021:00:43:44 +0000] "GET /api/v1/categories HTTP/1.1" 200 1419 "-" "PostmanRuntime/7.26.10"
::1 - - [23/Mar/2021:00:43:59 +0000] "PUT /api/v1/categories/5e90434cd433fa11b078ed8a HTTP/1.1" 200 360 "-" "PostmanRuntime/7.26.10"
::1 - - [23/Mar/2021:00:46:12 +0000] "PUT /api/v1/books/6057f9ecb10ca30b28544aaf HTTP/1.1" 200 1746 "-" "PostmanRuntime/7.26.10"
::1 - - [23/Mar/2021:01:04:01 +0000] "PUT /api/v1/books/6057f9ecb10ca30b28544aaf HTTP/1.1" 200 1730 "-" "PostmanRuntime/7.26.10"
::1 - - [23/Mar/2021:01:04:18 +0000] "POST /api/v1/books HTTP/1.1" 200 919 "-" "PostmanRuntime/7.26.10"
::1 - - [23/Mar/2021:01:05:10 +0000] "POST /api/v1/users/login HTTP/1.1" 200 447 "-" "PostmanRuntime/7.26.10"
::1 - - [23/Mar/2021:01:05:22 +0000] "POST /api/v1/books HTTP/1.1" 500 284 "-" "PostmanRuntime/7.26.10"
::1 - - [23/Mar/2021:01:07:36 +0000] "POST /api/v1/books HTTP/1.1" 403 132 "-" "PostmanRuntime/7.26.10"
::1 - - [23/Mar/2021:01:08:20 +0000] "POST /api/v1/books HTTP/1.1" 403 134 "-" "PostmanRuntime/7.26.10"
::1 - - [23/Mar/2021:01:08:57 +0000] "POST /api/v1/books HTTP/1.1" 403 134 "-" "PostmanRuntime/7.26.10"
::1 - - [23/Mar/2021:01:22:11 +0000] "POST /api/v1/users HTTP/1.1" 200 442 "-" "PostmanRuntime/7.26.10"
::1 - - [23/Mar/2021:01:22:30 +0000] "POST /api/v1/users/login HTTP/1.1" 200 455 "-" "PostmanRuntime/7.26.10"
::1 - - [23/Mar/2021:01:23:03 +0000] "POST /api/v1/books HTTP/1.1" 200 936 "-" "PostmanRuntime/7.26.10"
::1 - - [23/Mar/2021:01:24:56 +0000] "PUT /api/v1/books/6057f9ecb10ca30b28544aaf HTTP/1.1" 200 1772 "-" "PostmanRuntime/7.26.10"
::1 - - [23/Mar/2021:01:25:24 +0000] "GET /api/v1/books/6057f9ecb10ca30b28544aaf HTTP/1.1" 200 1772 "-" "PostmanRuntime/7.26.10"
::1 - - [23/Mar/2021:01:28:03 +0000] "PUT /api/v1/books/6057f9ecb10ca30b28544aaf HTTP/1.1" 200 1812 "-" "PostmanRuntime/7.26.10"
::1 - - [23/Mar/2021:02:07:44 +0000] "GET /api/v1/users HTTP/1.1" 200 508 "-" "PostmanRuntime/7.26.10"
::1 - - [23/Mar/2021:02:08:19 +0000] "GET /api/v1/users%D1%8E605942c3f1bf254794c7232e HTTP/1.1" 404 181 "-" "PostmanRuntime/7.26.10"
::1 - - [23/Mar/2021:02:08:24 +0000] "GET /api/v1/users/605942c3f1bf254794c7232e HTTP/1.1" 200 162 "-" "PostmanRuntime/7.26.10"
::1 - - [23/Mar/2021:02:09:16 +0000] "PUT /api/v1/users/605942c3f1bf254794c7232e HTTP/1.1" 200 177 "-" "PostmanRuntime/7.26.10"
::1 - - [23/Mar/2021:02:11:44 +0000] "GET /api/v1/users HTTP/1.1" 200 523 "-" "PostmanRuntime/7.26.10"
::1 - - [23/Mar/2021:02:12:11 +0000] "DELETE /api/v1/users/6058686ff2c2ed3be096b975 HTTP/1.1" 200 160 "-" "PostmanRuntime/7.26.10"
::1 - - [23/Mar/2021:02:12:49 +0000] "POST /api/v1/users HTTP/1.1" 200 246 "-" "PostmanRuntime/7.26.10"
::1 - - [23/Mar/2021:02:13:34 +0000] "GET /api/v1/users/6058686ff2c2ed3be096b975 HTTP/1.1" 400 126 "-" "PostmanRuntime/7.26.10"
::1 - - [23/Mar/2021:02:15:13 +0000] "GET /api/v1/users HTTP/1.1" 200 535 "-" "PostmanRuntime/7.26.10"
::1 - - [23/Mar/2021:02:26:41 +0000] "GET /api/v1/users HTTP/1.1" 200 385 "-" "PostmanRuntime/7.26.10"
::1 - - [23/Mar/2021:02:34:54 +0000] "GET /api/v1/users HTTP/1.1" 200 524 "-" "PostmanRuntime/7.26.10"
::1 - - [23/Mar/2021:02:39:00 +0000] "GET /api/v1/users HTTP/1.1" 200 524 "-" "PostmanRuntime/7.26.10"
::1 - - [23/Mar/2021:02:39:36 +0000] "POST /api/v1/users/login HTTP/1.1" 200 463 "-" "PostmanRuntime/7.26.10"
::1 - - [23/Mar/2021:02:39:56 +0000] "GET /api/v1/users/6058686ff2c2ed3be096b975/books HTTP/1.1" 500 262 "-" "PostmanRuntime/7.26.10"
::1 - - [23/Mar/2021:02:44:55 +0000] "GET /api/v1/users/6058686ff2c2ed3be096b975/books HTTP/1.1" 500 80 "-" "PostmanRuntime/7.26.10"
::1 - - [23/Mar/2021:02:45:04 +0000] "POST /api/v1/users/login HTTP/1.1" 200 463 "-" "PostmanRuntime/7.26.10"
::1 - - [23/Mar/2021:02:45:15 +0000] "GET /api/v1/users/605942c3f1bf254794c7232e/books HTTP/1.1" 200 10387 "-" "PostmanRuntime/7.26.10"
::1 - - [23/Mar/2021:02:51:54 +0000] "GET /api/v1/users/605942c3f1bf254794c7232e/books HTTP/1.1" 500 80 "-" "PostmanRuntime/7.26.10"
::1 - - [23/Mar/2021:02:52:00 +0000] "POST /api/v1/users/login HTTP/1.1" 200 463 "-" "PostmanRuntime/7.26.10"
::1 - - [23/Mar/2021:02:52:07 +0000] "GET /api/v1/users/605942c3f1bf254794c7232e/books HTTP/1.1" 401 141 "-" "PostmanRuntime/7.26.10"
::1 - - [23/Mar/2021:02:52:19 +0000] "GET /api/v1/users/605942c3f1bf254794c7232e/books HTTP/1.1" 500 80 "-" "PostmanRuntime/7.26.10"
::1 - - [23/Mar/2021:02:52:27 +0000] "POST /api/v1/users/login HTTP/1.1" 200 463 "-" "PostmanRuntime/7.26.10"
::1 - - [23/Mar/2021:02:52:35 +0000] "GET /api/v1/users/605942c3f1bf254794c7232e/books HTTP/1.1" 401 141 "-" "PostmanRuntime/7.26.10"
::1 - - [23/Mar/2021:02:53:30 +0000] "POST /api/v1/users/login HTTP/1.1" 200 463 "-" "PostmanRuntime/7.26.10"
::1 - - [23/Mar/2021:02:53:33 +0000] "GET /api/v1/users/605942c3f1bf254794c7232e/books HTTP/1.1" 200 10387 "-" "PostmanRuntime/7.26.10"
::1 - - [23/Mar/2021:02:56:02 +0000] "GET /api/v1/users/605942c3f1bf254794c7232e HTTP/1.1" 401 141 "-" "PostmanRuntime/7.26.10"
::1 - - [23/Mar/2021:06:47:15 +0000] "POST /api/v1/users/login HTTP/1.1" 200 463 "-" "PostmanRuntime/7.26.10"
::1 - - [23/Mar/2021:06:47:33 +0000] "PUT /api/v1/books/6057f9ecb10ca30b28544aaf HTTP/1.1" 400 114 "-" "PostmanRuntime/7.26.10"
::1 - - [23/Mar/2021:06:47:40 +0000] "GET /api/v1/books HTTP/1.1" 200 117 "-" "PostmanRuntime/7.26.10"
::1 - - [23/Mar/2021:06:48:20 +0000] "GET /api/v1/books/6057f9ecb10ca30b28544aaf HTTP/1.1" 404 125 "-" "PostmanRuntime/7.26.10"
::1 - - [23/Mar/2021:06:48:25 +0000] "GET /api/v1/books HTTP/1.1" 200 117 "-" "PostmanRuntime/7.26.10"
::1 - - [23/Mar/2021:06:48:49 +0000] "GET /api/v1/books HTTP/1.1" 200 117 "-" "PostmanRuntime/7.26.10"
::1 - - [23/Mar/2021:06:49:14 +0000] "GET /api/v1/books/60598f4ad65b6a61f045a777 HTTP/1.1" 200 1856 "-" "PostmanRuntime/7.26.10"
::1 - - [23/Mar/2021:06:49:50 +0000] "PUT /api/v1/books/60598f4ad65b6a61f045a777 HTTP/1.1" 200 1826 "-" "PostmanRuntime/7.26.10"
::1 - - [23/Mar/2021:06:50:23 +0000] "POST /api/v1/users/login HTTP/1.1" 200 447 "-" "PostmanRuntime/7.26.10"
::1 - - [23/Mar/2021:06:50:31 +0000] "PUT /api/v1/books/60598f4ad65b6a61f045a777 HTTP/1.1" 403 136 "-" "PostmanRuntime/7.26.10"
::1 - - [23/Mar/2021:06:51:45 +0000] "POST /api/v1/users/login HTTP/1.1" 401 123 "-" "PostmanRuntime/7.26.10"
::1 - - [23/Mar/2021:06:51:47 +0000] "PUT /api/v1/books/60598f4ad65b6a61f045a777 HTTP/1.1" 500 80 "-" "PostmanRuntime/7.26.10"
::1 - - [23/Mar/2021:06:52:10 +0000] "POST /api/v1/users/login HTTP/1.1" 401 123 "-" "PostmanRuntime/7.26.10"
::1 - - [23/Mar/2021:06:52:20 +0000] "POST /api/v1/users/login HTTP/1.1" 200 459 "-" "PostmanRuntime/7.26.10"
::1 - - [23/Mar/2021:06:52:27 +0000] "PUT /api/v1/books/60598f4ad65b6a61f045a777 HTTP/1.1" 403 147 "-" "PostmanRuntime/7.26.10"
::1 - - [23/Mar/2021:07:05:59 +0000] "DELETE /api/v1/books/60598f4ad65b6a61f045a777 HTTP/1.1" 401 141 "-" "PostmanRuntime/7.26.10"
::1 - - [23/Mar/2021:07:06:04 +0000] "POST /api/v1/users/login HTTP/1.1" 200 459 "-" "PostmanRuntime/7.26.10"
::1 - - [23/Mar/2021:07:06:07 +0000] "DELETE /api/v1/books/60598f4ad65b6a61f045a777 HTTP/1.1" 401 141 "-" "PostmanRuntime/7.26.10"
::1 - - [23/Mar/2021:07:06:16 +0000] "DELETE /api/v1/books/60598f4ad65b6a61f045a777 HTTP/1.1" 403 140 "-" "PostmanRuntime/7.26.10"
::1 - - [23/Mar/2021:07:06:42 +0000] "DELETE /api/v1/books/60598f4ad65b6a61f045a777 HTTP/1.1" 403 147 "-" "PostmanRuntime/7.26.10"
::1 - - [23/Mar/2021:07:07:33 +0000] "POST /api/v1/books HTTP/1.1" 200 958 "-" "PostmanRuntime/7.26.10"
::1 - - [23/Mar/2021:07:07:50 +0000] "PUT /api/v1/books/605993b425bde55738596418 HTTP/1.1" 403 147 "-" "PostmanRuntime/7.26.10"
::1 - - [23/Mar/2021:07:08:28 +0000] "POST /api/v1/users/login HTTP/1.1" 200 459 "-" "PostmanRuntime/7.26.10"
::1 - - [23/Mar/2021:07:08:37 +0000] "PUT /api/v1/books/605993b425bde55738596418 HTTP/1.1" 403 147 "-" "PostmanRuntime/7.26.10"
::1 - - [23/Mar/2021:07:08:49 +0000] "PUT /api/v1/books/605993b425bde55738596418 HTTP/1.1" 403 147 "-" "PostmanRuntime/7.26.10"
::1 - - [23/Mar/2021:07:08:51 +0000] "PUT /api/v1/books/605993b425bde55738596418 HTTP/1.1" 403 147 "-" "PostmanRuntime/7.26.10"
::1 - - [23/Mar/2021:07:08:52 +0000] "PUT /api/v1/books/605993b425bde55738596418 HTTP/1.1" 403 147 "-" "PostmanRuntime/7.26.10"
::1 - - [23/Mar/2021:07:08:57 +0000] "DELETE /api/v1/books/605993b425bde55738596418 HTTP/1.1" 403 141 "-" "PostmanRuntime/7.26.10"
::1 - - [23/Mar/2021:07:10:13 +0000] "DELETE /api/v1/books/605993b425bde55738596418 HTTP/1.1" 200 1000 "-" "PostmanRuntime/7.26.10"
::1 - - [23/Mar/2021:07:10:25 +0000] "PUT /api/v1/books/605993b425bde55738596418 HTTP/1.1" 400 114 "-" "PostmanRuntime/7.26.10"
::1 - - [23/Mar/2021:08:10:10 +0000] "POST /api/v1/users/forgot-password HTTP/1.1" 200 166 "-" "PostmanRuntime/7.26.10"
::1 - - [23/Mar/2021:08:11:03 +0000] "POST /api/v1/users/forgot-password HTTP/1.1" 200 66 "-" "PostmanRuntime/7.26.10"
::1 - - [23/Mar/2021:08:12:00 +0000] "POST /api/v1/users/forgot-password HTTP/1.1" 500 73 "-" "PostmanRuntime/7.26.10"
::1 - - [23/Mar/2021:08:12:15 +0000] "POST /api/v1/users/forgot-password HTTP/1.1" 200 66 "-" "PostmanRuntime/7.26.10"
::1 - - [23/Mar/2021:08:16:59 +0000] "POST /api/v1/users/forgot-password HTTP/1.1" 200 66 "-" "PostmanRuntime/7.26.10"
::1 - - [23/Mar/2021:08:17:23 +0000] "POST /api/v1/users/forgot-password HTTP/1.1" 200 66 "-" "PostmanRuntime/7.26.10"
::1 - - [23/Mar/2021:08:17:45 +0000] "POST /api/v1/users/forgot-password HTTP/1.1" 200 66 "-" "PostmanRuntime/7.26.10"
::1 - - [23/Mar/2021:08:24:56 +0000] "POST /api/v1/users/forgot-password HTTP/1.1" 500 67 "-" "PostmanRuntime/7.26.10"
::1 - - [23/Mar/2021:08:25:16 +0000] "POST /api/v1/users/forgot-password HTTP/1.1" 500 92 "-" "PostmanRuntime/7.26.10"
::1 - - [23/Mar/2021:08:26:10 +0000] "POST /api/v1/users/forgot-password HTTP/1.1" 500 67 "-" "PostmanRuntime/7.26.10"
::1 - - [23/Mar/2021:08:26:25 +0000] "POST /api/v1/users/forgot-password HTTP/1.1" 500 67 "-" "PostmanRuntime/7.26.10"
::1 - - [23/Mar/2021:08:27:41 +0000] "POST /api/v1/users/forgot-password HTTP/1.1" 200 72 "-" "PostmanRuntime/7.26.10"
::1 - - [23/Mar/2021:08:51:04 +0000] "POST /api/v1/users/forgot-password HTTP/1.1" 200 347 "-" "PostmanRuntime/7.26.10"
::1 - - [23/Mar/2021:08:52:38 +0000] "POST /api/v1/users/forgot-password HTTP/1.1" 200 437 "-" "PostmanRuntime/7.26.10"
::1 - - [23/Mar/2021:08:56:35 +0000] "POST /api/v1/users/forgot-password HTTP/1.1" 200 437 "-" "PostmanRuntime/7.26.10"
::1 - - [23/Mar/2021:14:03:31 +0000] "POST /api/v1/users/forgot-password HTTP/1.1" 200 437 "-" "PostmanRuntime/7.26.10"
::1 - - [23/Mar/2021:14:03:42 +0000] "POST /api/v1/users/reset-password HTTP/1.1" 200 446 "-" "PostmanRuntime/7.26.10"
::1 - - [25/Mar/2021:07:06:13 +0000] "POST /api/v1/comments HTTP/1.1" 401 141 "-" "PostmanRuntime/7.26.10"
::1 - - [25/Mar/2021:07:07:05 +0000] "POST /api/v1/users/login HTTP/1.1" 401 123 "-" "PostmanRuntime/7.26.10"
::1 - - [25/Mar/2021:07:07:32 +0000] "POST /api/v1/users/login HTTP/1.1" 200 459 "-" "PostmanRuntime/7.26.10"
::1 - - [25/Mar/2021:07:07:44 +0000] "POST /api/v1/comments HTTP/1.1" 500 81 "-" "PostmanRuntime/7.26.10"
::1 - - [25/Mar/2021:07:08:53 +0000] "POST /api/v1/comments HTTP/1.1" 200 194 "-" "PostmanRuntime/7.26.10"
::1 - - [25/Mar/2021:07:09:42 +0000] "PUT /api/v1/comments/1 HTTP/1.1" 401 141 "-" "PostmanRuntime/7.26.10"
::1 - - [25/Mar/2021:07:09:55 +0000] "PUT /api/v1/comments/1 HTTP/1.1" 500 83 "-" "PostmanRuntime/7.26.10"
::1 - - [25/Mar/2021:07:10:12 +0000] "PUT /api/v1/comments/1 HTTP/1.1" 500 72 "-" "PostmanRuntime/7.26.10"
::1 - - [25/Mar/2021:07:11:52 +0000] "PUT /api/v1/comments/1 HTTP/1.1" 200 176 "-" "PostmanRuntime/7.26.10"
::1 - - [25/Mar/2021:07:12:35 +0000] "PUT /api/v1/comments/1 HTTP/1.1" 200 176 "-" "PostmanRuntime/7.26.10"
::1 - - [25/Mar/2021:07:12:44 +0000] "PUT /api/v1/comments/1 HTTP/1.1" 200 174 "-" "PostmanRuntime/7.26.10"
::1 - - [25/Mar/2021:07:14:13 +0000] "DELETE /api/v1/comments/1 HTTP/1.1" 200 174 "-" "PostmanRuntime/7.26.10"
::1 - - [25/Mar/2021:07:45:17 +0000] "GET /api/v1/comments?select=name%20averagePrice%20averageRating&sort=averageRating%20-averagePrice&limit=3&page=2 HTTP/1.1" 200 96 "-" "PostmanRuntime/7.26.10"
::1 - - [25/Mar/2021:07:45:29 +0000] "POST /api/v1/comments HTTP/1.1" 200 194 "-" "PostmanRuntime/7.26.10"
::1 - - [25/Mar/2021:07:45:42 +0000] "POST /api/v1/comments HTTP/1.1" 500 1639 "-" "PostmanRuntime/7.26.10"
::1 - - [25/Mar/2021:07:46:15 +0000] "POST /api/v1/comments HTTP/1.1" 200 173 "-" "PostmanRuntime/7.26.10"
::1 - - [25/Mar/2021:07:46:18 +0000] "GET /api/v1/comments?select=name%20averagePrice%20averageRating&sort=averageRating%20-averagePrice&limit=3&page=2 HTTP/1.1" 200 96 "-" "PostmanRuntime/7.26.10"
::1 - - [25/Mar/2021:07:46:52 +0000] "GET /api/v1/comments?select=name%20averagePrice%20averageRating&sort=averageRating%20-averagePrice&limit=3&page=2 HTTP/1.1" 200 418 "-" "PostmanRuntime/7.26.10"
::1 - - [25/Mar/2021:07:47:35 +0000] "GET /api/v1/comments?select=name%20averagePrice%20averageRating&sort=averageRating%20-averagePrice&limit=3&page=2 HTTP/1.1" 200 106 "-" "PostmanRuntime/7.26.10"
::1 - - [25/Mar/2021:07:47:45 +0000] "GET /api/v1/comments?select=name%20averagePrice%20averageRating&sort=averageRating%20-averagePrice&limit=3&page=2 HTTP/1.1" 200 106 "-" "PostmanRuntime/7.26.10"
::1 - - [25/Mar/2021:07:49:04 +0000] "GET /api/v1/comments?select=name%20price&sort=-price[$lt]=30000&page=3 HTTP/1.1" 200 137 "-" "PostmanRuntime/7.26.10"
::1 - - [25/Mar/2021:07:49:30 +0000] "GET /api/v1/comments?select=name%20price&sort=-price&price[$lt]=30000&page=3 HTTP/1.1" 200 131 "-" "PostmanRuntime/7.26.10"
::1 - - [25/Mar/2021:07:49:41 +0000] "GET /api/v1/comments?select=name%20price&sort=price&price[$lt]=30000&page=3 HTTP/1.1" 200 131 "-" "PostmanRuntime/7.26.10"
::1 - - [25/Mar/2021:07:53:02 +0000] "GET /api/v1/comments?select=name%20price&sort=price&userId=1&page=3 HTTP/1.1" 200 120 "-" "PostmanRuntime/7.26.10"
::1 - - [25/Mar/2021:07:53:09 +0000] "GET /api/v1/comments?select=name%20price&sort=price&userId=2&page=3 HTTP/1.1" 200 120 "-" "PostmanRuntime/7.26.10"
::1 - - [25/Mar/2021:07:53:16 +0000] "GET /api/v1/comments?select=name%20price&sort=price&userId=1&page=3 HTTP/1.1" 200 120 "-" "PostmanRuntime/7.26.10"
::1 - - [25/Mar/2021:07:54:02 +0000] "GET /api/v1/comments?select=name%20price&sort=price&userId=1&page=3 HTTP/1.1" 200 420 "-" "PostmanRuntime/7.26.10"
::1 - - [25/Mar/2021:07:54:12 +0000] "GET /api/v1/comments?select=name%20price&sort=price&userId=2&page=3 HTTP/1.1" 200 108 "-" "PostmanRuntime/7.26.10"
::1 - - [25/Mar/2021:07:54:28 +0000] "GET /api/v1/comments?select=name%20price&userId=2&page=3 HTTP/1.1" 200 108 "-" "PostmanRuntime/7.26.10"
::1 - - [25/Mar/2021:07:54:31 +0000] "GET /api/v1/comments?select=name%20price&userId=1&page=3 HTTP/1.1" 200 420 "-" "PostmanRuntime/7.26.10"
::1 - - [25/Mar/2021:07:57:13 +0000] "GET /api/v1/comments?select=name%20price&userId=1&page=3 HTTP/1.1" 200 445 "-" "PostmanRuntime/7.26.10"
::1 - - [25/Mar/2021:08:00:25 +0000] "GET /api/v1/comments?select=name%20price&userId=1&page=3 HTTP/1.1" 500 84 "-" "PostmanRuntime/7.26.10"
::1 - - [25/Mar/2021:08:00:57 +0000] "GET /api/v1/comments?select=name%20price&userId=1&page=3 HTTP/1.1" 500 84 "-" "PostmanRuntime/7.26.10"
::1 - - [25/Mar/2021:08:01:17 +0000] "GET /api/v1/comments?select=name%20price&userId=1&page=3 HTTP/1.1" 500 539 "-" "PostmanRuntime/7.26.10"
::1 - - [25/Mar/2021:08:01:58 +0000] "GET /api/v1/comments?select=comment%20userid&userId=1&page=3 HTTP/1.1" 200 228 "-" "PostmanRuntime/7.26.10"
::1 - - [25/Mar/2021:08:03:13 +0000] "GET /api/v1/comments?select=comment%20userid&userId=1&page=3 HTTP/1.1" 200 228 "-" "PostmanRuntime/7.26.10"
::1 - - [25/Mar/2021:08:03:19 +0000] "GET /api/v1/comments?select=comment%20userid&userId=2&page=3 HTTP/1.1" 200 108 "-" "PostmanRuntime/7.26.10"
::1 - - [25/Mar/2021:08:03:25 +0000] "GET /api/v1/comments?select=comment%20userid&userId=1&page=3 HTTP/1.1" 200 228 "-" "PostmanRuntime/7.26.10"
::1 - - [25/Mar/2021:09:05:32 +0000] "GET /api/v1/comments?select=comment%20userid&userId=1&page=3 HTTP/1.1" 200 108 "-" "PostmanRuntime/7.26.10"
::1 - - [25/Mar/2021:09:06:05 +0000] "GET /api/v1/comments?select=comment%20userid&userId=1&limit=2 HTTP/1.1" 200 213 "-" "PostmanRuntime/7.26.10"
::1 - - [25/Mar/2021:09:06:14 +0000] "GET /api/v1/comments?select=comment%20userid&userId=1&page=1 HTTP/1.1" 200 214 "-" "PostmanRuntime/7.26.10"
::1 - - [25/Mar/2021:09:07:13 +0000] "GET /api/v1/comments?select=comment%20userid&userId=1&page=1 HTTP/1.1" 500 88 "-" "PostmanRuntime/7.26.10"
::1 - - [25/Mar/2021:09:07:40 +0000] "GET /api/v1/comments?select=comment%20userid&userId=1&page=1 HTTP/1.1" 500 83 "-" "PostmanRuntime/7.26.10"
::1 - - [25/Mar/2021:09:07:56 +0000] "GET /api/v1/comments?select=comment%20userid&userId=1&page=1 HTTP/1.1" 200 214 "-" "PostmanRuntime/7.26.10"
::1 - - [25/Mar/2021:09:08:21 +0000] "GET /api/v1/comments?select=comment%20userid&userId=1&page=1 HTTP/1.1" 200 213 "-" "PostmanRuntime/7.26.10"
::1 - - [25/Mar/2021:09:09:08 +0000] "GET /api/v1/comments?select=comment%20userid&userId=1&page=1&limit=1 HTTP/1.1" 200 176 "-" "PostmanRuntime/7.26.10"
::1 - - [25/Mar/2021:09:09:19 +0000] "GET /api/v1/comments?select=comment%20userid&userId=1&page=2&limit=1 HTTP/1.1" 200 155 "-" "PostmanRuntime/7.26.10"
::1 - - [25/Mar/2021:10:44:22 +0000] "GET /api/v1/comments?select=comment%20userid&userId=1&page=2&limit=5 HTTP/1.1" 200 283 "-" "PostmanRuntime/7.26.10"
::1 - - [25/Mar/2021:10:44:32 +0000] "GET /api/v1/comments?select=comment%20userid&userId=1&page=1&limit=5 HTTP/1.1" 200 403 "-" "PostmanRuntime/7.26.10"
::1 - - [25/Mar/2021:11:07:47 +0000] "GET /api/v1/comments/4 HTTP/1.1" 200 656 "-" "PostmanRuntime/7.26.10"
